2023-03-13 11:16:32,348 INFO  StartupInfoLogger:55 - [] Starting DeviceAPIApplicationTests using Java 19.0.1 on INPNQLT065 with PID 23858 (started by roshni in /home/roshni/Java_Assignment_1/Backend/DeviceAPI)
2023-03-13 11:16:32,353 INFO  SpringApplication:631 - [] No active profile set, falling back to 1 default profile: "default"
2023-03-13 11:16:33,587 INFO  RepositoryConfigurationDelegate:132 - [] Bootstrapping Spring Data JPA repositories in DEFAULT mode.
2023-03-13 11:16:33,628 INFO  RepositoryConfigurationDelegate:201 - [] Finished Spring Data repository scanning in 34 ms. Found 4 JPA repository interfaces.
2023-03-13 11:16:34,166 INFO  HikariDataSource:110 - [] HikariPool-1 - Starting...
2023-03-13 11:16:34,338 INFO  HikariDataSource:123 - [] HikariPool-1 - Start completed.
2023-03-13 11:16:35,445 INFO  JavaLogger:30 - [] Successfully acquired change log lock
2023-03-13 11:16:35,783 INFO  JavaLogger:30 - [] Reading from DeviceReservationSystem.DATABASECHANGELOG
2023-03-13 11:16:35,999 INFO  JavaLogger:30 - [] Successfully released change log lock
2023-03-13 11:16:36,104 INFO  LogHelper:31 - [] HHH000204: Processing PersistenceUnitInfo [name: default]
2023-03-13 11:16:36,145 INFO  Version:44 - [] HHH000412: Hibernate ORM core version 5.6.14.Final
2023-03-13 11:16:36,269 INFO  JavaReflectionManager:56 - [] HCANN000001: Hibernate Commons Annotations {5.1.2.Final}
2023-03-13 11:16:36,365 INFO  Dialect:175 - [] HHH000400: Using dialect: org.hibernate.dialect.MySQL5InnoDBDialect
2023-03-13 11:16:36,855 INFO  JtaPlatformInitiator:52 - [] HHH000490: Using JtaPlatform implementation: [org.hibernate.engine.transaction.jta.platform.internal.NoJtaPlatform]
2023-03-13 11:16:36,860 INFO  AbstractEntityManagerFactoryBean:437 - [] Initialized JPA EntityManagerFactory for persistence unit 'default'
2023-03-13 11:16:37,691 INFO  DefaultSecurityFilterChain:55 - [] Will secure any request with [org.springframework.security.web.session.DisableEncodeUrlFilter@308d4981, org.springframework.security.web.context.request.async.WebAsyncManagerIntegrationFilter@55731ccd, org.springframework.security.web.context.SecurityContextPersistenceFilter@1c15a6aa, org.springframework.security.web.header.HeaderWriterFilter@13e6c544, org.springframework.web.filter.CorsFilter@750adad8, org.springframework.security.web.authentication.logout.LogoutFilter@118c1faa, com.example.DeviceAPI.Filter.JwtAuthFilter@3f2a7ca0, org.springframework.security.web.savedrequest.RequestCacheAwareFilter@6f9999f6, org.springframework.security.web.servletapi.SecurityContextHolderAwareRequestFilter@5e085259, org.springframework.security.web.authentication.AnonymousAuthenticationFilter@41935a9d, org.springframework.security.web.session.SessionManagementFilter@6ce8bf64, org.springframework.security.web.access.ExceptionTranslationFilter@73633230, org.springframework.security.web.access.intercept.FilterSecurityInterceptor@3da6950f]
2023-03-13 11:16:37,881 WARN  JpaBaseConfiguration$JpaWebConfiguration:219 - [] spring.jpa.open-in-view is enabled by default. Therefore, database queries may be performed during view rendering. Explicitly configure spring.jpa.open-in-view to disable this warning
2023-03-13 11:16:38,457 INFO  StartupInfoLogger:61 - [] Started DeviceAPIApplicationTests in 6.408 seconds (JVM running for 7.344)
2023-03-13 11:16:38,671 INFO  AbstractEntityManagerFactoryBean:651 - [] Closing JPA EntityManagerFactory for persistence unit 'default'
2023-03-13 11:16:38,673 INFO  HikariDataSource:350 - [] HikariPool-1 - Shutdown initiated...
2023-03-13 11:16:38,685 INFO  HikariDataSource:352 - [] HikariPool-1 - Shutdown completed.
2023-03-13 12:12:01,351 INFO  StartupInfoLogger:55 - [] Starting DeviceAPIApplicationTests using Java 19.0.1 on INPNQLT065 with PID 67821 (started by roshni in /home/roshni/Java_Assignment_1/Backend/DeviceAPI)
2023-03-13 12:12:01,355 INFO  SpringApplication:631 - [] No active profile set, falling back to 1 default profile: "default"
2023-03-13 12:12:02,216 INFO  RepositoryConfigurationDelegate:132 - [] Bootstrapping Spring Data JPA repositories in DEFAULT mode.
2023-03-13 12:12:02,269 INFO  RepositoryConfigurationDelegate:201 - [] Finished Spring Data repository scanning in 45 ms. Found 4 JPA repository interfaces.
2023-03-13 12:12:03,056 INFO  HikariDataSource:110 - [] HikariPool-1 - Starting...
2023-03-13 12:12:03,288 INFO  HikariDataSource:123 - [] HikariPool-1 - Start completed.
2023-03-13 12:12:08,450 INFO  JavaLogger:30 - [] Successfully acquired change log lock
2023-03-13 12:12:08,899 INFO  JavaLogger:30 - [] Reading from DeviceReservationSystem.DATABASECHANGELOG
2023-03-13 12:12:10,349 INFO  JavaLogger:30 - [] Successfully released change log lock
2023-03-13 12:12:10,476 INFO  LogHelper:31 - [] HHH000204: Processing PersistenceUnitInfo [name: default]
2023-03-13 12:12:10,504 INFO  Version:44 - [] HHH000412: Hibernate ORM core version 5.6.14.Final
2023-03-13 12:12:10,692 INFO  JavaReflectionManager:56 - [] HCANN000001: Hibernate Commons Annotations {5.1.2.Final}
2023-03-13 12:12:10,816 INFO  Dialect:175 - [] HHH000400: Using dialect: org.hibernate.dialect.MySQL5InnoDBDialect
2023-03-13 12:12:11,267 INFO  JtaPlatformInitiator:52 - [] HHH000490: Using JtaPlatform implementation: [org.hibernate.engine.transaction.jta.platform.internal.NoJtaPlatform]
2023-03-13 12:12:11,272 INFO  AbstractEntityManagerFactoryBean:437 - [] Initialized JPA EntityManagerFactory for persistence unit 'default'
2023-03-13 12:12:12,062 INFO  DefaultSecurityFilterChain:55 - [] Will secure any request with [org.springframework.security.web.session.DisableEncodeUrlFilter@74691677, org.springframework.security.web.context.request.async.WebAsyncManagerIntegrationFilter@3314f179, org.springframework.security.web.context.SecurityContextPersistenceFilter@34a99d8, org.springframework.security.web.header.HeaderWriterFilter@36ce9eaf, org.springframework.web.filter.CorsFilter@1abd1a28, org.springframework.security.web.authentication.logout.LogoutFilter@755033c5, com.example.DeviceAPI.Filter.JwtAuthFilter@4b518645, org.springframework.security.web.savedrequest.RequestCacheAwareFilter@6c68f29c, org.springframework.security.web.servletapi.SecurityContextHolderAwareRequestFilter@3b3b2290, org.springframework.security.web.authentication.AnonymousAuthenticationFilter@5478597, org.springframework.security.web.session.SessionManagementFilter@325236f5, org.springframework.security.web.access.ExceptionTranslationFilter@729d1428, org.springframework.security.web.access.intercept.FilterSecurityInterceptor@2319c1e0]
2023-03-13 12:12:12,271 WARN  JpaBaseConfiguration$JpaWebConfiguration:219 - [] spring.jpa.open-in-view is enabled by default. Therefore, database queries may be performed during view rendering. Explicitly configure spring.jpa.open-in-view to disable this warning
2023-03-13 12:12:12,846 INFO  StartupInfoLogger:61 - [] Started DeviceAPIApplicationTests in 11.942 seconds (JVM running for 13.088)
2023-03-13 12:12:13,058 INFO  AbstractEntityManagerFactoryBean:651 - [] Closing JPA EntityManagerFactory for persistence unit 'default'
2023-03-13 12:12:13,061 INFO  HikariDataSource:350 - [] HikariPool-1 - Shutdown initiated...
2023-03-13 12:12:13,072 INFO  HikariDataSource:352 - [] HikariPool-1 - Shutdown completed.
