2023-02-24 17:59:42,845 INFO  StartupInfoLogger:55 - [] Starting DeviceApplication using Java 11.0.18 on INPNQLT161 with PID 221541 (/home/madhur/Documents/device/target/classes started by madhur in /home/madhur/Documents/device)
2023-02-24 17:59:42,850 INFO  SpringApplication:631 - [] No active profile set, falling back to 1 default profile: "default"
2023-02-24 17:59:43,608 INFO  RepositoryConfigurationDelegate:132 - [] Bootstrapping Spring Data JPA repositories in DEFAULT mode.
2023-02-24 17:59:43,665 INFO  RepositoryConfigurationDelegate:201 - [] Finished Spring Data repository scanning in 47 ms. Found 4 JPA repository interfaces.
2023-02-24 17:59:44,277 INFO  TomcatWebServer:108 - [] Tomcat initialized with port(s): 8080 (http)
2023-02-24 17:59:44,288 INFO  DirectJDKLog:173 - [] Starting service [Tomcat]
2023-02-24 17:59:44,289 INFO  DirectJDKLog:173 - [] Starting Servlet engine: [Apache Tomcat/9.0.71]
2023-02-24 17:59:44,409 INFO  DirectJDKLog:173 - [] Initializing Spring embedded WebApplicationContext
2023-02-24 17:59:44,410 INFO  ServletWebServerApplicationContext:292 - [] Root WebApplicationContext: initialization completed in 1452 ms
2023-02-24 17:59:44,622 INFO  LogHelper:31 - [] HHH000204: Processing PersistenceUnitInfo [name: default]
2023-02-24 17:59:44,660 INFO  Version:44 - [] HHH000412: Hibernate ORM core version 5.6.14.Final
2023-02-24 17:59:44,789 INFO  JavaReflectionManager:56 - [] HCANN000001: Hibernate Commons Annotations {5.1.2.Final}
2023-02-24 17:59:44,875 INFO  HikariDataSource:110 - [] HikariPool-1 - Starting...
2023-02-24 17:59:45,040 INFO  HikariDataSource:123 - [] HikariPool-1 - Start completed.
2023-02-24 17:59:45,056 INFO  Dialect:175 - [] HHH000400: Using dialect: org.hibernate.dialect.MySQL5InnoDBDialect
2023-02-24 17:59:45,614 INFO  JtaPlatformInitiator:52 - [] HHH000490: Using JtaPlatform implementation: [org.hibernate.engine.transaction.jta.platform.internal.NoJtaPlatform]
2023-02-24 17:59:45,620 INFO  AbstractEntityManagerFactoryBean:437 - [] Initialized JPA EntityManagerFactory for persistence unit 'default'
2023-02-24 17:59:45,974 WARN  JpaBaseConfiguration$JpaWebConfiguration:219 - [] spring.jpa.open-in-view is enabled by default. Therefore, database queries may be performed during view rendering. Explicitly configure spring.jpa.open-in-view to disable this warning
2023-02-24 17:59:46,366 INFO  TomcatWebServer:220 - [] Tomcat started on port(s): 8080 (http) with context path ''
2023-02-24 17:59:46,378 INFO  StartupInfoLogger:61 - [] Started DeviceApplication in 4.089 seconds (JVM running for 4.554)
2023-02-24 18:00:02,788 INFO  AbstractEntityManagerFactoryBean:651 - [] Closing JPA EntityManagerFactory for persistence unit 'default'
2023-02-24 18:00:02,792 INFO  HikariDataSource:350 - [] HikariPool-1 - Shutdown initiated...
2023-02-24 18:00:02,803 INFO  HikariDataSource:352 - [] HikariPool-1 - Shutdown completed.
